2019-01-03 22:59:15.590067 EST | [hopper-2019-01-03-22-59-12-049016-EST-00] observation space: Box(11,)
2019-01-03 22:59:15.590514 EST | [hopper-2019-01-03-22-59-12-049016-EST-00] action space: Box(3,)
2019-01-03 22:59:19.883380 EST | [hopper-2019-01-03-22-59-12-049016-EST-00] observation space: Box(11,)
2019-01-03 22:59:19.883787 EST | [hopper-2019-01-03-22-59-12-049016-EST-00] action space: Box(3,)
2019-01-03 22:59:23.633484 EST | ---------------------  ------------
2019-01-03 22:59:23.633941 EST | return-average           10.9875
2019-01-03 22:59:23.634200 EST | return-min               10.9875
2019-01-03 22:59:23.634445 EST | return-max               10.9875
2019-01-03 22:59:23.634684 EST | return-std                0
2019-01-03 22:59:23.634923 EST | episode-length-avg       18
2019-01-03 22:59:23.635160 EST | episode-length-min       18
2019-01-03 22:59:23.635397 EST | episode-length-max       18
2019-01-03 22:59:23.635630 EST | episode-length-std        0
2019-01-03 22:59:23.635865 EST | epoch                     0
2019-01-03 22:59:23.636101 EST | qf-avg                    0.281522
2019-01-03 22:59:23.636335 EST | qf-std                    0.0973165
2019-01-03 22:59:23.636567 EST | mean-sq-bellman-error     3.29473
2019-01-03 22:59:23.636803 EST | d_loss                    1.38631
2019-01-03 22:59:23.637037 EST | gen_loss                  2.06132
2019-01-03 22:59:23.637284 EST | self.D_fake_loss          0.698953
2019-01-03 22:59:23.637519 EST | loss_log_density          2.05009
2019-01-03 22:59:23.637755 EST | time-train                0.239725
2019-01-03 22:59:23.637988 EST | time-eval                 0
2019-01-03 22:59:23.638222 EST | time-sample               3.09707
2019-01-03 22:59:23.638456 EST | time-total                3.67943
2019-01-03 22:59:23.638690 EST | epoch                     0
2019-01-03 22:59:23.638925 EST | episodes                 50
2019-01-03 22:59:23.639159 EST | max-path-return          13.9369
2019-01-03 22:59:23.639393 EST | last-path-return         10.3928
2019-01-03 22:59:23.639628 EST | pool-size              1000
2019-01-03 22:59:23.639862 EST | ---------------------  ------------
